{"C:\\Users\\APDAPD\\Desktop\\mysql\\prisma 개인과제\\swagger.js": {"path":"C:\\Users\\APDAPD\\Desktop\\mysql\\prisma 개인과제\\swagger.js","statementMap":{"0":{"start":{"line":4,"column":26},"end":{"line":18,"column":1}},"1":{"start":{"line":21,"column":16},"end":{"line":25,"column":1}},"2":{"start":{"line":27,"column":14},"end":{"line":27,"column":35}}},"fnMap":{},"branchMap":{},"s":{"0":1,"1":1,"2":1},"f":{},"b":{},"_coverageSchema":"1a1c01bbd47fc00a2c39e90264f33305004495a9","hash":"18db116eea04fd055fd3e4e5e5469ff3bf36c197"}
,"C:\\Users\\APDAPD\\Desktop\\mysql\\prisma 개인과제\\config\\secretkey.js": {"path":"C:\\Users\\APDAPD\\Desktop\\mysql\\prisma 개인과제\\config\\secretkey.js","statementMap":{"0":{"start":{"line":1,"column":25},"end":{"line":1,"column":40}},"1":{"start":{"line":2,"column":32},"end":{"line":2,"column":48}},"2":{"start":{"line":3,"column":23},"end":{"line":6,"column":1}}},"fnMap":{},"branchMap":{},"s":{"0":1,"1":1,"2":1},"f":{},"b":{},"_coverageSchema":"1a1c01bbd47fc00a2c39e90264f33305004495a9","hash":"2e4bfb92faf286ce8785ab34867842dbb336bd3f"}
,"C:\\Users\\APDAPD\\Desktop\\mysql\\prisma 개인과제\\src\\app.js": {"path":"C:\\Users\\APDAPD\\Desktop\\mysql\\prisma 개인과제\\src\\app.js","statementMap":{"0":{"start":{"line":13,"column":20},"end":{"line":16,"column":2}},"1":{"start":{"line":17,"column":0},"end":{"line":19,"column":3}},"2":{"start":{"line":18,"column":2},"end":{"line":18,"column":35}},"3":{"start":{"line":20,"column":0},"end":{"line":22,"column":3}},"4":{"start":{"line":21,"column":2},"end":{"line":21,"column":43}},"5":{"start":{"line":23,"column":0},"end":{"line":23,"column":29}},"6":{"start":{"line":24,"column":24},"end":{"line":24,"column":38}},"7":{"start":{"line":27,"column":12},"end":{"line":27,"column":21}},"8":{"start":{"line":29,"column":0},"end":{"line":29,"column":62}},"9":{"start":{"line":30,"column":0},"end":{"line":30,"column":24}},"10":{"start":{"line":31,"column":0},"end":{"line":31,"column":24}},"11":{"start":{"line":32,"column":0},"end":{"line":32,"column":48}},"12":{"start":{"line":33,"column":0},"end":{"line":33,"column":21}},"13":{"start":{"line":34,"column":0},"end":{"line":34,"column":29}},"14":{"start":{"line":35,"column":0},"end":{"line":35,"column":33}},"15":{"start":{"line":36,"column":0},"end":{"line":36,"column":29}},"16":{"start":{"line":37,"column":0},"end":{"line":43,"column":3}},"17":{"start":{"line":38,"column":2},"end":{"line":38,"column":27}},"18":{"start":{"line":39,"column":21},"end":{"line":39,"column":42}},"19":{"start":{"line":40,"column":18},"end":{"line":40,"column":43}},"20":{"start":{"line":41,"column":18},"end":{"line":41,"column":38}},"21":{"start":{"line":42,"column":2},"end":{"line":42,"column":70}},"22":{"start":{"line":45,"column":0},"end":{"line":47,"column":3}},"23":{"start":{"line":46,"column":2},"end":{"line":46,"column":26}},"24":{"start":{"line":49,"column":0},"end":{"line":51,"column":3}},"25":{"start":{"line":50,"column":2},"end":{"line":50,"column":49}}},"fnMap":{"0":{"name":"(anonymous_0)","decl":{"start":{"line":17,"column":26},"end":{"line":17,"column":27}},"loc":{"start":{"line":17,"column":32},"end":{"line":19,"column":1}},"line":17},"1":{"name":"(anonymous_1)","decl":{"start":{"line":20,"column":24},"end":{"line":20,"column":25}},"loc":{"start":{"line":20,"column":33},"end":{"line":22,"column":1}},"line":20},"2":{"name":"(anonymous_2)","decl":{"start":{"line":37,"column":8},"end":{"line":37,"column":9}},"loc":{"start":{"line":37,"column":33},"end":{"line":43,"column":1}},"line":37},"3":{"name":"(anonymous_3)","decl":{"start":{"line":45,"column":13},"end":{"line":45,"column":14}},"loc":{"start":{"line":45,"column":33},"end":{"line":47,"column":1}},"line":45},"4":{"name":"(anonymous_4)","decl":{"start":{"line":49,"column":29},"end":{"line":49,"column":30}},"loc":{"start":{"line":49,"column":35},"end":{"line":51,"column":1}},"line":49}},"branchMap":{"0":{"loc":{"start":{"line":39,"column":21},"end":{"line":39,"column":42}},"type":"binary-expr","locations":[{"start":{"line":39,"column":21},"end":{"line":39,"column":35}},{"start":{"line":39,"column":39},"end":{"line":39,"column":42}}],"line":39},"1":{"loc":{"start":{"line":40,"column":18},"end":{"line":40,"column":43}},"type":"binary-expr","locations":[{"start":{"line":40,"column":18},"end":{"line":40,"column":29}},{"start":{"line":40,"column":33},"end":{"line":40,"column":43}}],"line":40},"2":{"loc":{"start":{"line":41,"column":18},"end":{"line":41,"column":38}},"type":"binary-expr","locations":[{"start":{"line":41,"column":18},"end":{"line":41,"column":29}},{"start":{"line":41,"column":33},"end":{"line":41,"column":38}}],"line":41}},"s":{"0":1,"1":1,"2":0,"3":1,"4":0,"5":1,"6":1,"7":1,"8":1,"9":1,"10":1,"11":1,"12":1,"13":1,"14":1,"15":1,"16":1,"17":0,"18":0,"19":0,"20":0,"21":0,"22":1,"23":0,"24":1,"25":1},"f":{"0":0,"1":0,"2":0,"3":0,"4":1},"b":{"0":[0,0],"1":[0,0],"2":[0,0]},"_coverageSchema":"1a1c01bbd47fc00a2c39e90264f33305004495a9","hash":"9dd8dfd48c943de0930a6a785469385ed41f2db3"}
,"C:\\Users\\APDAPD\\Desktop\\mysql\\prisma 개인과제\\src\\controllers\\auth.controller.js": {"path":"C:\\Users\\APDAPD\\Desktop\\mysql\\prisma 개인과제\\src\\controllers\\auth.controller.js","statementMap":{"0":{"start":{"line":6,"column":4},"end":{"line":6,"column":35}},"1":{"start":{"line":8,"column":14},"end":{"line":33,"column":3}},"2":{"start":{"line":9,"column":4},"end":{"line":32,"column":5}},"3":{"start":{"line":10,"column":27},"end":{"line":10,"column":51}},"4":{"start":{"line":11,"column":6},"end":{"line":13,"column":7}},"5":{"start":{"line":12,"column":8},"end":{"line":12,"column":48}},"6":{"start":{"line":15,"column":20},"end":{"line":15,"column":53}},"7":{"start":{"line":17,"column":6},"end":{"line":19,"column":7}},"8":{"start":{"line":18,"column":8},"end":{"line":18,"column":30}},"9":{"start":{"line":21,"column":19},"end":{"line":21,"column":72}},"10":{"start":{"line":22,"column":6},"end":{"line":24,"column":7}},"11":{"start":{"line":23,"column":8},"end":{"line":23,"column":30}},"12":{"start":{"line":26,"column":26},"end":{"line":26,"column":43}},"13":{"start":{"line":27,"column":6},"end":{"line":29,"column":60}},"14":{"start":{"line":31,"column":6},"end":{"line":31,"column":16}}},"fnMap":{"0":{"name":"(anonymous_0)","decl":{"start":{"line":5,"column":2},"end":{"line":5,"column":3}},"loc":{"start":{"line":5,"column":27},"end":{"line":7,"column":3}},"line":5},"1":{"name":"(anonymous_1)","decl":{"start":{"line":8,"column":14},"end":{"line":8,"column":15}},"loc":{"start":{"line":8,"column":40},"end":{"line":33,"column":3}},"line":8}},"branchMap":{"0":{"loc":{"start":{"line":11,"column":6},"end":{"line":13,"column":7}},"type":"if","locations":[{"start":{"line":11,"column":6},"end":{"line":13,"column":7}},{"start":{},"end":{}}],"line":11},"1":{"loc":{"start":{"line":17,"column":6},"end":{"line":19,"column":7}},"type":"if","locations":[{"start":{"line":17,"column":6},"end":{"line":19,"column":7}},{"start":{},"end":{}}],"line":17},"2":{"loc":{"start":{"line":22,"column":6},"end":{"line":24,"column":7}},"type":"if","locations":[{"start":{"line":22,"column":6},"end":{"line":24,"column":7}},{"start":{},"end":{}}],"line":22}},"s":{"0":1,"1":1,"2":0,"3":0,"4":0,"5":0,"6":0,"7":0,"8":0,"9":0,"10":0,"11":0,"12":0,"13":0,"14":0},"f":{"0":1,"1":0},"b":{"0":[0,0],"1":[0,0],"2":[0,0]},"_coverageSchema":"1a1c01bbd47fc00a2c39e90264f33305004495a9","hash":"a08e1e6a2726c13f0c1b52108a5c935f0cf6e1c5"}
,"C:\\Users\\APDAPD\\Desktop\\mysql\\prisma 개인과제\\src\\controllers\\resume.controller.js": {"path":"C:\\Users\\APDAPD\\Desktop\\mysql\\prisma 개인과제\\src\\controllers\\resume.controller.js","statementMap":{"0":{"start":{"line":5,"column":4},"end":{"line":5,"column":39}},"1":{"start":{"line":7,"column":17},"end":{"line":21,"column":3}},"2":{"start":{"line":8,"column":4},"end":{"line":20,"column":5}},"3":{"start":{"line":9,"column":35},"end":{"line":9,"column":43}},"4":{"start":{"line":10,"column":6},"end":{"line":12,"column":7}},"5":{"start":{"line":11,"column":8},"end":{"line":11,"column":59}},"6":{"start":{"line":13,"column":25},"end":{"line":13,"column":33}},"7":{"start":{"line":14,"column":28},"end":{"line":14,"column":91}},"8":{"start":{"line":15,"column":6},"end":{"line":17,"column":39}},"9":{"start":{"line":19,"column":6},"end":{"line":19,"column":16}},"10":{"start":{"line":22,"column":15},"end":{"line":42,"column":3}},"11":{"start":{"line":24,"column":21},"end":{"line":24,"column":53}},"12":{"start":{"line":25,"column":23},"end":{"line":25,"column":53}},"13":{"start":{"line":26,"column":4},"end":{"line":40,"column":5}},"14":{"start":{"line":27,"column":6},"end":{"line":29,"column":7}},"15":{"start":{"line":28,"column":8},"end":{"line":28,"column":59}},"16":{"start":{"line":30,"column":6},"end":{"line":32,"column":7}},"17":{"start":{"line":31,"column":8},"end":{"line":31,"column":61}},"18":{"start":{"line":33,"column":21},"end":{"line":33,"column":87}},"19":{"start":{"line":34,"column":6},"end":{"line":36,"column":7}},"20":{"start":{"line":35,"column":8},"end":{"line":35,"column":55}},"21":{"start":{"line":37,"column":6},"end":{"line":37,"column":45}},"22":{"start":{"line":39,"column":6},"end":{"line":39,"column":16}},"23":{"start":{"line":43,"column":24},"end":{"line":58,"column":3}},"24":{"start":{"line":44,"column":25},"end":{"line":44,"column":35}},"25":{"start":{"line":45,"column":4},"end":{"line":57,"column":5}},"26":{"start":{"line":46,"column":6},"end":{"line":48,"column":7}},"27":{"start":{"line":47,"column":8},"end":{"line":47,"column":56}},"28":{"start":{"line":49,"column":21},"end":{"line":49,"column":75}},"29":{"start":{"line":51,"column":6},"end":{"line":53,"column":7}},"30":{"start":{"line":52,"column":8},"end":{"line":52,"column":54}},"31":{"start":{"line":54,"column":6},"end":{"line":54,"column":45}},"32":{"start":{"line":56,"column":6},"end":{"line":56,"column":16}},"33":{"start":{"line":59,"column":27},"end":{"line":80,"column":3}},"34":{"start":{"line":60,"column":4},"end":{"line":79,"column":5}},"35":{"start":{"line":61,"column":31},"end":{"line":61,"column":39}},"36":{"start":{"line":62,"column":27},"end":{"line":62,"column":37}},"37":{"start":{"line":63,"column":35},"end":{"line":63,"column":43}},"38":{"start":{"line":64,"column":6},"end":{"line":66,"column":7}},"39":{"start":{"line":65,"column":8},"end":{"line":65,"column":51}},"40":{"start":{"line":67,"column":21},"end":{"line":67,"column":75}},"41":{"start":{"line":68,"column":6},"end":{"line":68,"column":26}},"42":{"start":{"line":69,"column":6},"end":{"line":71,"column":7}},"43":{"start":{"line":70,"column":8},"end":{"line":70,"column":54}},"44":{"start":{"line":72,"column":6},"end":{"line":74,"column":7}},"45":{"start":{"line":73,"column":8},"end":{"line":73,"column":57}},"46":{"start":{"line":75,"column":28},"end":{"line":75,"column":105}},"47":{"start":{"line":76,"column":6},"end":{"line":76,"column":73}},"48":{"start":{"line":78,"column":6},"end":{"line":78,"column":16}},"49":{"start":{"line":81,"column":21},"end":{"line":97,"column":3}},"50":{"start":{"line":82,"column":25},"end":{"line":82,"column":35}},"51":{"start":{"line":83,"column":17},"end":{"line":83,"column":25}},"52":{"start":{"line":84,"column":4},"end":{"line":96,"column":5}},"53":{"start":{"line":85,"column":21},"end":{"line":85,"column":75}},"54":{"start":{"line":86,"column":6},"end":{"line":88,"column":7}},"55":{"start":{"line":87,"column":8},"end":{"line":87,"column":54}},"56":{"start":{"line":89,"column":6},"end":{"line":91,"column":7}},"57":{"start":{"line":90,"column":8},"end":{"line":90,"column":57}},"58":{"start":{"line":92,"column":28},"end":{"line":92,"column":85}},"59":{"start":{"line":93,"column":6},"end":{"line":93,"column":70}},"60":{"start":{"line":95,"column":6},"end":{"line":95,"column":16}}},"fnMap":{"0":{"name":"(anonymous_0)","decl":{"start":{"line":4,"column":2},"end":{"line":4,"column":3}},"loc":{"start":{"line":4,"column":29},"end":{"line":6,"column":3}},"line":4},"1":{"name":"(anonymous_1)","decl":{"start":{"line":7,"column":17},"end":{"line":7,"column":18}},"loc":{"start":{"line":7,"column":43},"end":{"line":21,"column":3}},"line":7},"2":{"name":"(anonymous_2)","decl":{"start":{"line":22,"column":15},"end":{"line":22,"column":16}},"loc":{"start":{"line":22,"column":41},"end":{"line":42,"column":3}},"line":22},"3":{"name":"(anonymous_3)","decl":{"start":{"line":43,"column":24},"end":{"line":43,"column":25}},"loc":{"start":{"line":43,"column":50},"end":{"line":58,"column":3}},"line":43},"4":{"name":"(anonymous_4)","decl":{"start":{"line":59,"column":27},"end":{"line":59,"column":28}},"loc":{"start":{"line":59,"column":53},"end":{"line":80,"column":3}},"line":59},"5":{"name":"(anonymous_5)","decl":{"start":{"line":81,"column":21},"end":{"line":81,"column":22}},"loc":{"start":{"line":81,"column":47},"end":{"line":97,"column":3}},"line":81}},"branchMap":{"0":{"loc":{"start":{"line":10,"column":6},"end":{"line":12,"column":7}},"type":"if","locations":[{"start":{"line":10,"column":6},"end":{"line":12,"column":7}},{"start":{},"end":{}}],"line":10},"1":{"loc":{"start":{"line":10,"column":10},"end":{"line":10,"column":30}},"type":"binary-expr","locations":[{"start":{"line":10,"column":10},"end":{"line":10,"column":16}},{"start":{"line":10,"column":20},"end":{"line":10,"column":30}}],"line":10},"2":{"loc":{"start":{"line":24,"column":21},"end":{"line":24,"column":53}},"type":"binary-expr","locations":[{"start":{"line":24,"column":21},"end":{"line":24,"column":39}},{"start":{"line":24,"column":43},"end":{"line":24,"column":53}}],"line":24},"3":{"loc":{"start":{"line":25,"column":23},"end":{"line":25,"column":53}},"type":"binary-expr","locations":[{"start":{"line":25,"column":23},"end":{"line":25,"column":43}},{"start":{"line":25,"column":47},"end":{"line":25,"column":53}}],"line":25},"4":{"loc":{"start":{"line":27,"column":6},"end":{"line":29,"column":7}},"type":"if","locations":[{"start":{"line":27,"column":6},"end":{"line":29,"column":7}},{"start":{},"end":{}}],"line":27},"5":{"loc":{"start":{"line":30,"column":6},"end":{"line":32,"column":7}},"type":"if","locations":[{"start":{"line":30,"column":6},"end":{"line":32,"column":7}},{"start":{},"end":{}}],"line":30},"6":{"loc":{"start":{"line":34,"column":6},"end":{"line":36,"column":7}},"type":"if","locations":[{"start":{"line":34,"column":6},"end":{"line":36,"column":7}},{"start":{},"end":{}}],"line":34},"7":{"loc":{"start":{"line":46,"column":6},"end":{"line":48,"column":7}},"type":"if","locations":[{"start":{"line":46,"column":6},"end":{"line":48,"column":7}},{"start":{},"end":{}}],"line":46},"8":{"loc":{"start":{"line":51,"column":6},"end":{"line":53,"column":7}},"type":"if","locations":[{"start":{"line":51,"column":6},"end":{"line":53,"column":7}},{"start":{},"end":{}}],"line":51},"9":{"loc":{"start":{"line":64,"column":6},"end":{"line":66,"column":7}},"type":"if","locations":[{"start":{"line":64,"column":6},"end":{"line":66,"column":7}},{"start":{},"end":{}}],"line":64},"10":{"loc":{"start":{"line":64,"column":10},"end":{"line":64,"column":30}},"type":"binary-expr","locations":[{"start":{"line":64,"column":10},"end":{"line":64,"column":16}},{"start":{"line":64,"column":20},"end":{"line":64,"column":30}}],"line":64},"11":{"loc":{"start":{"line":69,"column":6},"end":{"line":71,"column":7}},"type":"if","locations":[{"start":{"line":69,"column":6},"end":{"line":71,"column":7}},{"start":{},"end":{}}],"line":69},"12":{"loc":{"start":{"line":72,"column":6},"end":{"line":74,"column":7}},"type":"if","locations":[{"start":{"line":72,"column":6},"end":{"line":74,"column":7}},{"start":{},"end":{}}],"line":72},"13":{"loc":{"start":{"line":72,"column":10},"end":{"line":72,"column":53}},"type":"binary-expr","locations":[{"start":{"line":72,"column":10},"end":{"line":72,"column":34}},{"start":{"line":72,"column":38},"end":{"line":72,"column":53}}],"line":72},"14":{"loc":{"start":{"line":86,"column":6},"end":{"line":88,"column":7}},"type":"if","locations":[{"start":{"line":86,"column":6},"end":{"line":88,"column":7}},{"start":{},"end":{}}],"line":86},"15":{"loc":{"start":{"line":89,"column":6},"end":{"line":91,"column":7}},"type":"if","locations":[{"start":{"line":89,"column":6},"end":{"line":91,"column":7}},{"start":{},"end":{}}],"line":89}},"s":{"0":1,"1":1,"2":2,"3":2,"4":2,"5":1,"6":1,"7":1,"8":1,"9":1,"10":1,"11":5,"12":5,"13":5,"14":5,"15":1,"16":4,"17":1,"18":3,"19":3,"20":1,"21":2,"22":3,"23":1,"24":3,"25":3,"26":3,"27":1,"28":2,"29":2,"30":1,"31":1,"32":2,"33":1,"34":4,"35":4,"36":4,"37":4,"38":4,"39":1,"40":3,"41":3,"42":3,"43":1,"44":2,"45":1,"46":1,"47":1,"48":3,"49":1,"50":3,"51":3,"52":3,"53":3,"54":3,"55":1,"56":2,"57":1,"58":1,"59":1,"60":2},"f":{"0":1,"1":2,"2":5,"3":3,"4":4,"5":3},"b":{"0":[1,1],"1":[2,2],"2":[5,0],"3":[5,0],"4":[1,4],"5":[1,3],"6":[1,2],"7":[1,2],"8":[1,1],"9":[1,3],"10":[4,3],"11":[1,2],"12":[1,1],"13":[2,1],"14":[1,2],"15":[1,1]},"_coverageSchema":"1a1c01bbd47fc00a2c39e90264f33305004495a9","hash":"0093003b8bfd4223c90c69eccb0a0b060a57482b"}
,"C:\\Users\\APDAPD\\Desktop\\mysql\\prisma 개인과제\\src\\controllers\\user.controller.js": {"path":"C:\\Users\\APDAPD\\Desktop\\mysql\\prisma 개인과제\\src\\controllers\\user.controller.js","statementMap":{"0":{"start":{"line":8,"column":4},"end":{"line":8,"column":35}},"1":{"start":{"line":10,"column":11},"end":{"line":57,"column":3}},"2":{"start":{"line":11,"column":4},"end":{"line":56,"column":5}},"3":{"start":{"line":12,"column":71},"end":{"line":12,"column":79}},"4":{"start":{"line":13,"column":6},"end":{"line":15,"column":7}},"5":{"start":{"line":14,"column":8},"end":{"line":14,"column":53}},"6":{"start":{"line":16,"column":6},"end":{"line":32,"column":7}},"7":{"start":{"line":17,"column":8},"end":{"line":19,"column":9}},"8":{"start":{"line":18,"column":10},"end":{"line":18,"column":53}},"9":{"start":{"line":20,"column":8},"end":{"line":22,"column":9}},"10":{"start":{"line":21,"column":10},"end":{"line":21,"column":54}},"11":{"start":{"line":23,"column":8},"end":{"line":25,"column":9}},"12":{"start":{"line":24,"column":10},"end":{"line":24,"column":57}},"13":{"start":{"line":26,"column":8},"end":{"line":28,"column":9}},"14":{"start":{"line":27,"column":10},"end":{"line":27,"column":61}},"15":{"start":{"line":29,"column":8},"end":{"line":31,"column":9}},"16":{"start":{"line":30,"column":10},"end":{"line":30,"column":60}},"17":{"start":{"line":34,"column":6},"end":{"line":36,"column":7}},"18":{"start":{"line":35,"column":8},"end":{"line":35,"column":50}},"19":{"start":{"line":37,"column":6},"end":{"line":53,"column":7}},"20":{"start":{"line":38,"column":21},"end":{"line":38,"column":72}},"21":{"start":{"line":39,"column":8},"end":{"line":41,"column":9}},"22":{"start":{"line":40,"column":10},"end":{"line":40,"column":56}},"23":{"start":{"line":42,"column":8},"end":{"line":42,"column":70}},"24":{"start":{"line":43,"column":8},"end":{"line":43,"column":65}},"25":{"start":{"line":46,"column":21},"end":{"line":46,"column":66}},"26":{"start":{"line":47,"column":8},"end":{"line":49,"column":9}},"27":{"start":{"line":48,"column":10},"end":{"line":48,"column":55}},"28":{"start":{"line":50,"column":31},"end":{"line":50,"column":62}},"29":{"start":{"line":51,"column":27},"end":{"line":51,"column":102}},"30":{"start":{"line":52,"column":8},"end":{"line":52,"column":51}},"31":{"start":{"line":55,"column":6},"end":{"line":55,"column":15}},"32":{"start":{"line":58,"column":10},"end":{"line":83,"column":3}},"33":{"start":{"line":59,"column":42},"end":{"line":59,"column":50}},"34":{"start":{"line":61,"column":4},"end":{"line":82,"column":5}},"35":{"start":{"line":62,"column":6},"end":{"line":66,"column":7}},"36":{"start":{"line":63,"column":8},"end":{"line":63,"column":67}},"37":{"start":{"line":65,"column":8},"end":{"line":65,"column":71}},"38":{"start":{"line":67,"column":23},"end":{"line":67,"column":39}},"39":{"start":{"line":68,"column":26},"end":{"line":68,"column":52}},"40":{"start":{"line":69,"column":33},"end":{"line":69,"column":66}},"41":{"start":{"line":70,"column":6},"end":{"line":70,"column":115}},"42":{"start":{"line":71,"column":6},"end":{"line":74,"column":9}},"43":{"start":{"line":75,"column":6},"end":{"line":78,"column":9}},"44":{"start":{"line":79,"column":6},"end":{"line":79,"column":67}},"45":{"start":{"line":81,"column":6},"end":{"line":81,"column":16}},"46":{"start":{"line":84,"column":11},"end":{"line":98,"column":3}},"47":{"start":{"line":85,"column":4},"end":{"line":97,"column":5}},"48":{"start":{"line":86,"column":21},"end":{"line":86,"column":36}},"49":{"start":{"line":87,"column":6},"end":{"line":89,"column":7}},"50":{"start":{"line":88,"column":8},"end":{"line":88,"column":53}},"51":{"start":{"line":90,"column":19},"end":{"line":90,"column":66}},"52":{"start":{"line":91,"column":6},"end":{"line":93,"column":7}},"53":{"start":{"line":92,"column":8},"end":{"line":92,"column":54}},"54":{"start":{"line":94,"column":6},"end":{"line":94,"column":43}},"55":{"start":{"line":96,"column":6},"end":{"line":96,"column":16}}},"fnMap":{"0":{"name":"(anonymous_0)","decl":{"start":{"line":7,"column":2},"end":{"line":7,"column":3}},"loc":{"start":{"line":7,"column":27},"end":{"line":9,"column":3}},"line":7},"1":{"name":"(anonymous_1)","decl":{"start":{"line":10,"column":11},"end":{"line":10,"column":12}},"loc":{"start":{"line":10,"column":37},"end":{"line":57,"column":3}},"line":10},"2":{"name":"(anonymous_2)","decl":{"start":{"line":58,"column":10},"end":{"line":58,"column":11}},"loc":{"start":{"line":58,"column":36},"end":{"line":83,"column":3}},"line":58},"3":{"name":"(anonymous_3)","decl":{"start":{"line":84,"column":11},"end":{"line":84,"column":12}},"loc":{"start":{"line":84,"column":37},"end":{"line":98,"column":3}},"line":84}},"branchMap":{"0":{"loc":{"start":{"line":13,"column":6},"end":{"line":15,"column":7}},"type":"if","locations":[{"start":{"line":13,"column":6},"end":{"line":15,"column":7}},{"start":{},"end":{}}],"line":13},"1":{"loc":{"start":{"line":13,"column":10},"end":{"line":13,"column":51}},"type":"binary-expr","locations":[{"start":{"line":13,"column":10},"end":{"line":13,"column":14}},{"start":{"line":13,"column":18},"end":{"line":13,"column":51}}],"line":13},"2":{"loc":{"start":{"line":16,"column":6},"end":{"line":32,"column":7}},"type":"if","locations":[{"start":{"line":16,"column":6},"end":{"line":32,"column":7}},{"start":{},"end":{}}],"line":16},"3":{"loc":{"start":{"line":17,"column":8},"end":{"line":19,"column":9}},"type":"if","locations":[{"start":{"line":17,"column":8},"end":{"line":19,"column":9}},{"start":{},"end":{}}],"line":17},"4":{"loc":{"start":{"line":20,"column":8},"end":{"line":22,"column":9}},"type":"if","locations":[{"start":{"line":20,"column":8},"end":{"line":22,"column":9}},{"start":{},"end":{}}],"line":20},"5":{"loc":{"start":{"line":23,"column":8},"end":{"line":25,"column":9}},"type":"if","locations":[{"start":{"line":23,"column":8},"end":{"line":25,"column":9}},{"start":{},"end":{}}],"line":23},"6":{"loc":{"start":{"line":26,"column":8},"end":{"line":28,"column":9}},"type":"if","locations":[{"start":{"line":26,"column":8},"end":{"line":28,"column":9}},{"start":{},"end":{}}],"line":26},"7":{"loc":{"start":{"line":29,"column":8},"end":{"line":31,"column":9}},"type":"if","locations":[{"start":{"line":29,"column":8},"end":{"line":31,"column":9}},{"start":{},"end":{}}],"line":29},"8":{"loc":{"start":{"line":34,"column":6},"end":{"line":36,"column":7}},"type":"if","locations":[{"start":{"line":34,"column":6},"end":{"line":36,"column":7}},{"start":{},"end":{}}],"line":34},"9":{"loc":{"start":{"line":37,"column":6},"end":{"line":53,"column":7}},"type":"if","locations":[{"start":{"line":37,"column":6},"end":{"line":53,"column":7}},{"start":{"line":44,"column":13},"end":{"line":53,"column":7}}],"line":37},"10":{"loc":{"start":{"line":39,"column":8},"end":{"line":41,"column":9}},"type":"if","locations":[{"start":{"line":39,"column":8},"end":{"line":41,"column":9}},{"start":{},"end":{}}],"line":39},"11":{"loc":{"start":{"line":47,"column":8},"end":{"line":49,"column":9}},"type":"if","locations":[{"start":{"line":47,"column":8},"end":{"line":49,"column":9}},{"start":{},"end":{}}],"line":47},"12":{"loc":{"start":{"line":62,"column":6},"end":{"line":66,"column":7}},"type":"if","locations":[{"start":{"line":62,"column":6},"end":{"line":66,"column":7}},{"start":{"line":64,"column":13},"end":{"line":66,"column":7}}],"line":62},"13":{"loc":{"start":{"line":87,"column":6},"end":{"line":89,"column":7}},"type":"if","locations":[{"start":{"line":87,"column":6},"end":{"line":89,"column":7}},{"start":{},"end":{}}],"line":87},"14":{"loc":{"start":{"line":91,"column":6},"end":{"line":93,"column":7}},"type":"if","locations":[{"start":{"line":91,"column":6},"end":{"line":93,"column":7}},{"start":{},"end":{}}],"line":91}},"s":{"0":1,"1":1,"2":10,"3":10,"4":10,"5":1,"6":9,"7":7,"8":1,"9":6,"10":1,"11":5,"12":1,"13":4,"14":1,"15":3,"16":1,"17":4,"18":1,"19":3,"20":2,"21":2,"22":1,"23":1,"24":1,"25":1,"26":1,"27":0,"28":1,"29":1,"30":1,"31":8,"32":1,"33":0,"34":0,"35":0,"36":0,"37":0,"38":0,"39":0,"40":0,"41":0,"42":0,"43":0,"44":0,"45":0,"46":1,"47":0,"48":0,"49":0,"50":0,"51":0,"52":0,"53":0,"54":0,"55":0},"f":{"0":1,"1":10,"2":0,"3":0},"b":{"0":[1,9],"1":[10,10],"2":[7,2],"3":[1,6],"4":[1,5],"5":[1,4],"6":[1,3],"7":[1,2],"8":[1,3],"9":[2,1],"10":[1,1],"11":[0,1],"12":[0,0],"13":[0,0],"14":[0,0]},"_coverageSchema":"1a1c01bbd47fc00a2c39e90264f33305004495a9","hash":"25c2b24754f511c5ca2f9dc49273fa52c5a95617"}
,"C:\\Users\\APDAPD\\Desktop\\mysql\\prisma 개인과제\\src\\entity\\Resume.js": {"path":"C:\\Users\\APDAPD\\Desktop\\mysql\\prisma 개인과제\\src\\entity\\Resume.js","statementMap":{"0":{"start":{"line":3,"column":28},"end":{"line":43,"column":2}}},"fnMap":{},"branchMap":{},"s":{"0":1},"f":{},"b":{},"_coverageSchema":"1a1c01bbd47fc00a2c39e90264f33305004495a9","hash":"ceca29888e9de4d6cd06515a6a85ae19265a2c32"}
,"C:\\Users\\APDAPD\\Desktop\\mysql\\prisma 개인과제\\src\\entity\\User.js": {"path":"C:\\Users\\APDAPD\\Desktop\\mysql\\prisma 개인과제\\src\\entity\\User.js","statementMap":{"0":{"start":{"line":5,"column":26},"end":{"line":50,"column":2}}},"fnMap":{},"branchMap":{},"s":{"0":1},"f":{},"b":{},"_coverageSchema":"1a1c01bbd47fc00a2c39e90264f33305004495a9","hash":"22b7877e718efbd40182c41e4fbaae30e4b9b7f1"}
,"C:\\Users\\APDAPD\\Desktop\\mysql\\prisma 개인과제\\src\\middlewares\\auth.middleware.js": {"path":"C:\\Users\\APDAPD\\Desktop\\mysql\\prisma 개인과제\\src\\middlewares\\auth.middleware.js","statementMap":{"0":{"start":{"line":4,"column":22},"end":{"line":4,"column":24}},"1":{"start":{"line":5,"column":22},"end":{"line":5,"column":24}},"2":{"start":{"line":7,"column":23},"end":{"line":26,"column":1}},"3":{"start":{"line":8,"column":16},"end":{"line":8,"column":41}},"4":{"start":{"line":9,"column":2},"end":{"line":11,"column":3}},"5":{"start":{"line":10,"column":4},"end":{"line":10,"column":58}},"6":{"start":{"line":12,"column":21},"end":{"line":12,"column":40}},"7":{"start":{"line":13,"column":2},"end":{"line":15,"column":3}},"8":{"start":{"line":14,"column":4},"end":{"line":14,"column":60}},"9":{"start":{"line":16,"column":2},"end":{"line":18,"column":3}},"10":{"start":{"line":17,"column":4},"end":{"line":17,"column":61}},"11":{"start":{"line":19,"column":2},"end":{"line":23,"column":3}},"12":{"start":{"line":20,"column":4},"end":{"line":22,"column":48}},"13":{"start":{"line":24,"column":2},"end":{"line":24,"column":24}},"14":{"start":{"line":25,"column":2},"end":{"line":25,"column":9}}},"fnMap":{"0":{"name":"(anonymous_0)","decl":{"start":{"line":7,"column":23},"end":{"line":7,"column":24}},"loc":{"start":{"line":7,"column":49},"end":{"line":26,"column":1}},"line":7}},"branchMap":{"0":{"loc":{"start":{"line":9,"column":2},"end":{"line":11,"column":3}},"type":"if","locations":[{"start":{"line":9,"column":2},"end":{"line":11,"column":3}},{"start":{},"end":{}}],"line":9},"1":{"loc":{"start":{"line":13,"column":2},"end":{"line":15,"column":3}},"type":"if","locations":[{"start":{"line":13,"column":2},"end":{"line":15,"column":3}},{"start":{},"end":{}}],"line":13},"2":{"loc":{"start":{"line":16,"column":2},"end":{"line":18,"column":3}},"type":"if","locations":[{"start":{"line":16,"column":2},"end":{"line":18,"column":3}},{"start":{},"end":{}}],"line":16},"3":{"loc":{"start":{"line":19,"column":2},"end":{"line":23,"column":3}},"type":"if","locations":[{"start":{"line":19,"column":2},"end":{"line":23,"column":3}},{"start":{},"end":{}}],"line":19}},"s":{"0":1,"1":1,"2":1,"3":0,"4":0,"5":0,"6":0,"7":0,"8":0,"9":0,"10":0,"11":0,"12":0,"13":0,"14":0},"f":{"0":0},"b":{"0":[0,0],"1":[0,0],"2":[0,0],"3":[0,0]},"_coverageSchema":"1a1c01bbd47fc00a2c39e90264f33305004495a9","hash":"03f49ffb23fb0e1b7793b29665ceeac0ad5e11fa"}
,"C:\\Users\\APDAPD\\Desktop\\mysql\\prisma 개인과제\\src\\middlewares\\typeorm.middleware.js": {"path":"C:\\Users\\APDAPD\\Desktop\\mysql\\prisma 개인과제\\src\\middlewares\\typeorm.middleware.js","statementMap":{"0":{"start":{"line":7,"column":28},"end":{"line":11,"column":1}},"1":{"start":{"line":8,"column":2},"end":{"line":8,"column":49}},"2":{"start":{"line":9,"column":2},"end":{"line":9,"column":53}},"3":{"start":{"line":10,"column":2},"end":{"line":10,"column":9}}},"fnMap":{"0":{"name":"(anonymous_0)","decl":{"start":{"line":7,"column":28},"end":{"line":7,"column":29}},"loc":{"start":{"line":7,"column":54},"end":{"line":11,"column":1}},"line":7}},"branchMap":{},"s":{"0":1,"1":0,"2":0,"3":0},"f":{"0":0},"b":{},"_coverageSchema":"1a1c01bbd47fc00a2c39e90264f33305004495a9","hash":"8aecf23b6f21d05f5dd4ddfd1b831b1ce0d51b03"}
,"C:\\Users\\APDAPD\\Desktop\\mysql\\prisma 개인과제\\src\\models\\index.js": {"path":"C:\\Users\\APDAPD\\Desktop\\mysql\\prisma 개인과제\\src\\models\\index.js","statementMap":{"0":{"start":{"line":3,"column":22},"end":{"line":9,"column":2}}},"fnMap":{},"branchMap":{},"s":{"0":1},"f":{},"b":{},"_coverageSchema":"1a1c01bbd47fc00a2c39e90264f33305004495a9","hash":"c527baf68230cfeaa96795edde8bafbef830a32b"}
,"C:\\Users\\APDAPD\\Desktop\\mysql\\prisma 개인과제\\src\\models\\typeorm.js": {"path":"C:\\Users\\APDAPD\\Desktop\\mysql\\prisma 개인과제\\src\\models\\typeorm.js","statementMap":{"0":{"start":{"line":5,"column":26},"end":{"line":21,"column":2}},"1":{"start":{"line":16,"column":2},"end":{"line":16,"column":40}},"2":{"start":{"line":17,"column":2},"end":{"line":17,"column":20}},"3":{"start":{"line":19,"column":2},"end":{"line":19,"column":43}},"4":{"start":{"line":20,"column":2},"end":{"line":20,"column":14}}},"fnMap":{"0":{"name":"(anonymous_0)","decl":{"start":{"line":15,"column":8},"end":{"line":15,"column":9}},"loc":{"start":{"line":15,"column":22},"end":{"line":18,"column":1}},"line":15},"1":{"name":"(anonymous_1)","decl":{"start":{"line":18,"column":9},"end":{"line":18,"column":10}},"loc":{"start":{"line":18,"column":18},"end":{"line":21,"column":1}},"line":18}},"branchMap":{},"s":{"0":1,"1":0,"2":0,"3":0,"4":0},"f":{"0":0,"1":0},"b":{},"_coverageSchema":"1a1c01bbd47fc00a2c39e90264f33305004495a9","hash":"8e57f3a8a2593462150003affc28bb1b9f671040"}
,"C:\\Users\\APDAPD\\Desktop\\mysql\\prisma 개인과제\\src\\modules\\jwt.js": {"path":"C:\\Users\\APDAPD\\Desktop\\mysql\\prisma 개인과제\\src\\modules\\jwt.js","statementMap":{"0":{"start":{"line":8,"column":22},"end":{"line":8,"column":24}},"1":{"start":{"line":9,"column":22},"end":{"line":9,"column":24}},"2":{"start":{"line":13,"column":18},"end":{"line":16,"column":3}},"3":{"start":{"line":17,"column":30},"end":{"line":19,"column":3}},"4":{"start":{"line":20,"column":23},"end":{"line":22,"column":4}},"5":{"start":{"line":23,"column":17},"end":{"line":27,"column":3}},"6":{"start":{"line":28,"column":2},"end":{"line":28,"column":16}},"7":{"start":{"line":33,"column":2},"end":{"line":50,"column":3}},"8":{"start":{"line":35,"column":23},"end":{"line":35,"column":71}},"9":{"start":{"line":36,"column":4},"end":{"line":36,"column":50}},"10":{"start":{"line":38,"column":4},"end":{"line":38,"column":21}},"11":{"start":{"line":39,"column":4},"end":{"line":49,"column":5}},"12":{"start":{"line":40,"column":6},"end":{"line":40,"column":35}},"13":{"start":{"line":41,"column":6},"end":{"line":41,"column":27}},"14":{"start":{"line":42,"column":11},"end":{"line":49,"column":5}},"15":{"start":{"line":43,"column":6},"end":{"line":43,"column":35}},"16":{"start":{"line":44,"column":6},"end":{"line":44,"column":33}},"17":{"start":{"line":45,"column":6},"end":{"line":45,"column":27}},"18":{"start":{"line":47,"column":6},"end":{"line":47,"column":35}},"19":{"start":{"line":48,"column":6},"end":{"line":48,"column":27}},"20":{"start":{"line":51,"column":2},"end":{"line":51,"column":17}},"21":{"start":{"line":55,"column":2},"end":{"line":71,"column":3}},"22":{"start":{"line":57,"column":23},"end":{"line":57,"column":71}},"23":{"start":{"line":58,"column":4},"end":{"line":58,"column":57}},"24":{"start":{"line":60,"column":4},"end":{"line":70,"column":5}},"25":{"start":{"line":61,"column":6},"end":{"line":61,"column":35}},"26":{"start":{"line":62,"column":6},"end":{"line":62,"column":27}},"27":{"start":{"line":63,"column":11},"end":{"line":70,"column":5}},"28":{"start":{"line":64,"column":6},"end":{"line":64,"column":35}},"29":{"start":{"line":65,"column":6},"end":{"line":65,"column":33}},"30":{"start":{"line":66,"column":6},"end":{"line":66,"column":27}},"31":{"start":{"line":68,"column":6},"end":{"line":68,"column":35}},"32":{"start":{"line":69,"column":6},"end":{"line":69,"column":27}},"33":{"start":{"line":72,"column":2},"end":{"line":72,"column":17}}},"fnMap":{"0":{"name":"sign","decl":{"start":{"line":11,"column":22},"end":{"line":11,"column":26}},"loc":{"start":{"line":11,"column":33},"end":{"line":29,"column":1}},"line":11},"1":{"name":"verify","decl":{"start":{"line":31,"column":22},"end":{"line":31,"column":28}},"loc":{"start":{"line":31,"column":36},"end":{"line":52,"column":1}},"line":31},"2":{"name":"verifyRefresh","decl":{"start":{"line":53,"column":22},"end":{"line":53,"column":35}},"loc":{"start":{"line":53,"column":43},"end":{"line":73,"column":1}},"line":53}},"branchMap":{"0":{"loc":{"start":{"line":39,"column":4},"end":{"line":49,"column":5}},"type":"if","locations":[{"start":{"line":39,"column":4},"end":{"line":49,"column":5}},{"start":{"line":42,"column":11},"end":{"line":49,"column":5}}],"line":39},"1":{"loc":{"start":{"line":42,"column":11},"end":{"line":49,"column":5}},"type":"if","locations":[{"start":{"line":42,"column":11},"end":{"line":49,"column":5}},{"start":{"line":46,"column":11},"end":{"line":49,"column":5}}],"line":42},"2":{"loc":{"start":{"line":60,"column":4},"end":{"line":70,"column":5}},"type":"if","locations":[{"start":{"line":60,"column":4},"end":{"line":70,"column":5}},{"start":{"line":63,"column":11},"end":{"line":70,"column":5}}],"line":60},"3":{"loc":{"start":{"line":63,"column":11},"end":{"line":70,"column":5}},"type":"if","locations":[{"start":{"line":63,"column":11},"end":{"line":70,"column":5}},{"start":{"line":67,"column":11},"end":{"line":70,"column":5}}],"line":63}},"s":{"0":1,"1":1,"2":0,"3":0,"4":0,"5":0,"6":0,"7":0,"8":0,"9":0,"10":0,"11":0,"12":0,"13":0,"14":0,"15":0,"16":0,"17":0,"18":0,"19":0,"20":0,"21":0,"22":0,"23":0,"24":0,"25":0,"26":0,"27":0,"28":0,"29":0,"30":0,"31":0,"32":0,"33":0},"f":{"0":0,"1":0,"2":0},"b":{"0":[0,0],"1":[0,0],"2":[0,0],"3":[0,0]},"_coverageSchema":"1a1c01bbd47fc00a2c39e90264f33305004495a9","hash":"50af0825f8cb19c0d3dd9399630d07e2fb56cfbd"}
,"C:\\Users\\APDAPD\\Desktop\\mysql\\prisma 개인과제\\src\\repositories\\auth.repository.js": {"path":"C:\\Users\\APDAPD\\Desktop\\mysql\\prisma 개인과제\\src\\repositories\\auth.repository.js","statementMap":{"0":{"start":{"line":3,"column":4},"end":{"line":3,"column":25}},"1":{"start":{"line":5,"column":21},"end":{"line":12,"column":3}},"2":{"start":{"line":6,"column":17},"end":{"line":10,"column":6}},"3":{"start":{"line":11,"column":4},"end":{"line":11,"column":16}}},"fnMap":{"0":{"name":"(anonymous_0)","decl":{"start":{"line":2,"column":2},"end":{"line":2,"column":3}},"loc":{"start":{"line":2,"column":22},"end":{"line":4,"column":3}},"line":2},"1":{"name":"(anonymous_1)","decl":{"start":{"line":5,"column":21},"end":{"line":5,"column":22}},"loc":{"start":{"line":5,"column":39},"end":{"line":12,"column":3}},"line":5}},"branchMap":{},"s":{"0":1,"1":1,"2":0,"3":0},"f":{"0":1,"1":0},"b":{},"_coverageSchema":"1a1c01bbd47fc00a2c39e90264f33305004495a9","hash":"9007d2d58fc009202b7a31a8dd845d5b51d77d2a"}
,"C:\\Users\\APDAPD\\Desktop\\mysql\\prisma 개인과제\\src\\repositories\\resume.repository.js": {"path":"C:\\Users\\APDAPD\\Desktop\\mysql\\prisma 개인과제\\src\\repositories\\resume.repository.js","statementMap":{"0":{"start":{"line":3,"column":4},"end":{"line":3,"column":27}},"1":{"start":{"line":5,"column":17},"end":{"line":12,"column":3}},"2":{"start":{"line":6,"column":19},"end":{"line":10,"column":6}},"3":{"start":{"line":11,"column":4},"end":{"line":11,"column":18}},"4":{"start":{"line":13,"column":24},"end":{"line":18,"column":3}},"5":{"start":{"line":14,"column":19},"end":{"line":16,"column":16}},"6":{"start":{"line":17,"column":4},"end":{"line":17,"column":18}},"7":{"start":{"line":19,"column":24},"end":{"line":28,"column":3}},"8":{"start":{"line":20,"column":19},"end":{"line":25,"column":6}},"9":{"start":{"line":26,"column":4},"end":{"line":26,"column":24}},"10":{"start":{"line":27,"column":4},"end":{"line":27,"column":17}},"11":{"start":{"line":29,"column":29},"end":{"line":36,"column":3}},"12":{"start":{"line":30,"column":26},"end":{"line":34,"column":16}},"13":{"start":{"line":35,"column":4},"end":{"line":35,"column":25}},"14":{"start":{"line":37,"column":27},"end":{"line":44,"column":3}},"15":{"start":{"line":38,"column":26},"end":{"line":41,"column":16}},"16":{"start":{"line":43,"column":4},"end":{"line":43,"column":25}}},"fnMap":{"0":{"name":"(anonymous_0)","decl":{"start":{"line":2,"column":2},"end":{"line":2,"column":3}},"loc":{"start":{"line":2,"column":23},"end":{"line":4,"column":3}},"line":2},"1":{"name":"(anonymous_1)","decl":{"start":{"line":5,"column":17},"end":{"line":5,"column":18}},"loc":{"start":{"line":5,"column":53},"end":{"line":12,"column":3}},"line":5},"2":{"name":"(anonymous_2)","decl":{"start":{"line":13,"column":24},"end":{"line":13,"column":25}},"loc":{"start":{"line":13,"column":79},"end":{"line":18,"column":3}},"line":13},"3":{"name":"(anonymous_3)","decl":{"start":{"line":19,"column":24},"end":{"line":19,"column":25}},"loc":{"start":{"line":19,"column":44},"end":{"line":28,"column":3}},"line":19},"4":{"name":"(anonymous_4)","decl":{"start":{"line":29,"column":29},"end":{"line":29,"column":30}},"loc":{"start":{"line":29,"column":67},"end":{"line":36,"column":3}},"line":29},"5":{"name":"(anonymous_5)","decl":{"start":{"line":37,"column":27},"end":{"line":37,"column":28}},"loc":{"start":{"line":37,"column":47},"end":{"line":44,"column":3}},"line":37}},"branchMap":{"0":{"loc":{"start":{"line":13,"column":31},"end":{"line":13,"column":53}},"type":"default-arg","locations":[{"start":{"line":13,"column":42},"end":{"line":13,"column":53}}],"line":13},"1":{"loc":{"start":{"line":13,"column":55},"end":{"line":13,"column":74}},"type":"default-arg","locations":[{"start":{"line":13,"column":68},"end":{"line":13,"column":74}}],"line":13}},"s":{"0":1,"1":1,"2":1,"3":1,"4":1,"5":1,"6":1,"7":1,"8":1,"9":1,"10":1,"11":1,"12":1,"13":1,"14":1,"15":1,"16":1},"f":{"0":1,"1":1,"2":1,"3":1,"4":1,"5":1},"b":{"0":[1],"1":[1]},"_coverageSchema":"1a1c01bbd47fc00a2c39e90264f33305004495a9","hash":"3d4a48549bc82b8a22effb4ae4c8954677a73cb1"}
,"C:\\Users\\APDAPD\\Desktop\\mysql\\prisma 개인과제\\src\\repositories\\user.repository.js": {"path":"C:\\Users\\APDAPD\\Desktop\\mysql\\prisma 개인과제\\src\\repositories\\user.repository.js","statementMap":{"0":{"start":{"line":3,"column":4},"end":{"line":3,"column":27}},"1":{"start":{"line":5,"column":23},"end":{"line":12,"column":3}},"2":{"start":{"line":6,"column":17},"end":{"line":10,"column":6}},"3":{"start":{"line":11,"column":4},"end":{"line":11,"column":16}},"4":{"start":{"line":13,"column":20},"end":{"line":20,"column":3}},"5":{"start":{"line":14,"column":17},"end":{"line":18,"column":6}},"6":{"start":{"line":19,"column":4},"end":{"line":19,"column":16}},"7":{"start":{"line":21,"column":21},"end":{"line":28,"column":3}},"8":{"start":{"line":22,"column":17},"end":{"line":26,"column":6}},"9":{"start":{"line":27,"column":4},"end":{"line":27,"column":16}},"10":{"start":{"line":29,"column":22},"end":{"line":38,"column":3}},"11":{"start":{"line":30,"column":17},"end":{"line":36,"column":6}},"12":{"start":{"line":37,"column":4},"end":{"line":37,"column":16}},"13":{"start":{"line":39,"column":22},"end":{"line":47,"column":3}},"14":{"start":{"line":40,"column":17},"end":{"line":45,"column":6}},"15":{"start":{"line":46,"column":4},"end":{"line":46,"column":16}}},"fnMap":{"0":{"name":"(anonymous_0)","decl":{"start":{"line":2,"column":2},"end":{"line":2,"column":3}},"loc":{"start":{"line":2,"column":23},"end":{"line":4,"column":3}},"line":2},"1":{"name":"(anonymous_1)","decl":{"start":{"line":5,"column":23},"end":{"line":5,"column":24}},"loc":{"start":{"line":5,"column":43},"end":{"line":12,"column":3}},"line":5},"2":{"name":"(anonymous_2)","decl":{"start":{"line":13,"column":20},"end":{"line":13,"column":21}},"loc":{"start":{"line":13,"column":37},"end":{"line":20,"column":3}},"line":13},"3":{"name":"(anonymous_3)","decl":{"start":{"line":21,"column":21},"end":{"line":21,"column":22}},"loc":{"start":{"line":21,"column":39},"end":{"line":28,"column":3}},"line":21},"4":{"name":"(anonymous_4)","decl":{"start":{"line":29,"column":22},"end":{"line":29,"column":23}},"loc":{"start":{"line":29,"column":54},"end":{"line":38,"column":3}},"line":29},"5":{"name":"(anonymous_5)","decl":{"start":{"line":39,"column":22},"end":{"line":39,"column":23}},"loc":{"start":{"line":39,"column":61},"end":{"line":47,"column":3}},"line":39}},"branchMap":{},"s":{"0":0,"1":0,"2":0,"3":0,"4":0,"5":0,"6":0,"7":0,"8":0,"9":0,"10":0,"11":0,"12":0,"13":0,"14":0,"15":0},"f":{"0":0,"1":0,"2":0,"3":0,"4":0,"5":0},"b":{},"_coverageSchema":"1a1c01bbd47fc00a2c39e90264f33305004495a9","hash":"4f5b50706efa0d637071301716c2cedd922184ba"}
,"C:\\Users\\APDAPD\\Desktop\\mysql\\prisma 개인과제\\src\\routes\\auth.routes.js": {"path":"C:\\Users\\APDAPD\\Desktop\\mysql\\prisma 개인과제\\src\\routes\\auth.routes.js","statementMap":{"0":{"start":{"line":9,"column":23},"end":{"line":9,"column":49}},"1":{"start":{"line":10,"column":20},"end":{"line":10,"column":51}},"2":{"start":{"line":11,"column":23},"end":{"line":11,"column":54}},"3":{"start":{"line":13,"column":15},"end":{"line":13,"column":31}},"4":{"start":{"line":15,"column":0},"end":{"line":15,"column":42}}},"fnMap":{},"branchMap":{},"s":{"0":1,"1":1,"2":1,"3":1,"4":1},"f":{},"b":{},"_coverageSchema":"1a1c01bbd47fc00a2c39e90264f33305004495a9","hash":"55bd1e58ca62a5e19cbded18ec5a5575f5b2acbc"}
,"C:\\Users\\APDAPD\\Desktop\\mysql\\prisma 개인과제\\src\\routes\\resume.routes.js": {"path":"C:\\Users\\APDAPD\\Desktop\\mysql\\prisma 개인과제\\src\\routes\\resume.routes.js","statementMap":{"0":{"start":{"line":13,"column":15},"end":{"line":13,"column":31}},"1":{"start":{"line":15,"column":0},"end":{"line":28,"column":3}},"2":{"start":{"line":16,"column":30},"end":{"line":16,"column":57}},"3":{"start":{"line":17,"column":27},"end":{"line":17,"column":68}},"4":{"start":{"line":18,"column":24},"end":{"line":18,"column":59}},"5":{"start":{"line":19,"column":27},"end":{"line":19,"column":62}},"6":{"start":{"line":20,"column":2},"end":{"line":20,"column":59}},"7":{"start":{"line":21,"column":2},"end":{"line":21,"column":47}},"8":{"start":{"line":22,"column":2},"end":{"line":22,"column":65}},"9":{"start":{"line":23,"column":2},"end":{"line":23,"column":79}},"10":{"start":{"line":24,"column":2},"end":{"line":24,"column":74}},"11":{"start":{"line":26,"column":2},"end":{"line":26,"column":54}}},"fnMap":{"0":{"name":"(anonymous_0)","decl":{"start":{"line":15,"column":23},"end":{"line":15,"column":24}},"loc":{"start":{"line":15,"column":29},"end":{"line":25,"column":1}},"line":15},"1":{"name":"(anonymous_1)","decl":{"start":{"line":25,"column":9},"end":{"line":25,"column":10}},"loc":{"start":{"line":25,"column":18},"end":{"line":28,"column":1}},"line":25}},"branchMap":{},"s":{"0":1,"1":1,"2":0,"3":0,"4":0,"5":0,"6":0,"7":0,"8":0,"9":0,"10":0,"11":0},"f":{"0":0,"1":0},"b":{},"_coverageSchema":"1a1c01bbd47fc00a2c39e90264f33305004495a9","hash":"8160da6e5cd649a57a8cf90c5f70c86e1136b76c"}
,"C:\\Users\\APDAPD\\Desktop\\mysql\\prisma 개인과제\\src\\routes\\user.routes.js": {"path":"C:\\Users\\APDAPD\\Desktop\\mysql\\prisma 개인과제\\src\\routes\\user.routes.js","statementMap":{"0":{"start":{"line":13,"column":15},"end":{"line":13,"column":31}},"1":{"start":{"line":14,"column":0},"end":{"line":26,"column":3}},"2":{"start":{"line":15,"column":28},"end":{"line":15,"column":53}},"3":{"start":{"line":16,"column":25},"end":{"line":16,"column":62}},"4":{"start":{"line":17,"column":22},"end":{"line":17,"column":53}},"5":{"start":{"line":18,"column":25},"end":{"line":18,"column":56}},"6":{"start":{"line":20,"column":2},"end":{"line":20,"column":49}},"7":{"start":{"line":21,"column":2},"end":{"line":21,"column":46}},"8":{"start":{"line":22,"column":2},"end":{"line":22,"column":56}},"9":{"start":{"line":24,"column":2},"end":{"line":24,"column":54}}},"fnMap":{"0":{"name":"(anonymous_0)","decl":{"start":{"line":14,"column":23},"end":{"line":14,"column":24}},"loc":{"start":{"line":14,"column":29},"end":{"line":23,"column":1}},"line":14},"1":{"name":"(anonymous_1)","decl":{"start":{"line":23,"column":9},"end":{"line":23,"column":10}},"loc":{"start":{"line":23,"column":18},"end":{"line":26,"column":1}},"line":23}},"branchMap":{},"s":{"0":1,"1":1,"2":0,"3":0,"4":0,"5":0,"6":0,"7":0,"8":0,"9":0},"f":{"0":0,"1":0},"b":{},"_coverageSchema":"1a1c01bbd47fc00a2c39e90264f33305004495a9","hash":"fa76e5b423d431b1d32cfd61a06db8667ff23052"}
,"C:\\Users\\APDAPD\\Desktop\\mysql\\prisma 개인과제\\src\\services\\auth.service.js": {"path":"C:\\Users\\APDAPD\\Desktop\\mysql\\prisma 개인과제\\src\\services\\auth.service.js","statementMap":{"0":{"start":{"line":5,"column":4},"end":{"line":5,"column":41}},"1":{"start":{"line":7,"column":21},"end":{"line":10,"column":3}},"2":{"start":{"line":8,"column":17},"end":{"line":8,"column":67}},"3":{"start":{"line":9,"column":4},"end":{"line":9,"column":16}}},"fnMap":{"0":{"name":"(anonymous_0)","decl":{"start":{"line":4,"column":2},"end":{"line":4,"column":3}},"loc":{"start":{"line":4,"column":30},"end":{"line":6,"column":3}},"line":4},"1":{"name":"(anonymous_1)","decl":{"start":{"line":7,"column":21},"end":{"line":7,"column":22}},"loc":{"start":{"line":7,"column":39},"end":{"line":10,"column":3}},"line":7}},"branchMap":{},"s":{"0":1,"1":1,"2":0,"3":0},"f":{"0":1,"1":0},"b":{},"_coverageSchema":"1a1c01bbd47fc00a2c39e90264f33305004495a9","hash":"11588493ba7dc267da0454ab4db6ff813f8a10df"}
,"C:\\Users\\APDAPD\\Desktop\\mysql\\prisma 개인과제\\src\\services\\resume.service.js": {"path":"C:\\Users\\APDAPD\\Desktop\\mysql\\prisma 개인과제\\src\\services\\resume.service.js","statementMap":{"0":{"start":{"line":7,"column":4},"end":{"line":7,"column":45}},"1":{"start":{"line":9,"column":17},"end":{"line":13,"column":3}},"2":{"start":{"line":10,"column":26},"end":{"line":10,"column":92}},"3":{"start":{"line":12,"column":4},"end":{"line":12,"column":25}},"4":{"start":{"line":14,"column":24},"end":{"line":18,"column":3}},"5":{"start":{"line":15,"column":20},"end":{"line":15,"column":89}},"6":{"start":{"line":17,"column":4},"end":{"line":17,"column":19}},"7":{"start":{"line":19,"column":24},"end":{"line":34,"column":3}},"8":{"start":{"line":20,"column":19},"end":{"line":20,"column":76}},"9":{"start":{"line":21,"column":4},"end":{"line":23,"column":5}},"10":{"start":{"line":22,"column":6},"end":{"line":22,"column":18}},"11":{"start":{"line":24,"column":4},"end":{"line":33,"column":6}},"12":{"start":{"line":35,"column":29},"end":{"line":39,"column":3}},"13":{"start":{"line":36,"column":26},"end":{"line":36,"column":106}},"14":{"start":{"line":38,"column":4},"end":{"line":38,"column":25}},"15":{"start":{"line":40,"column":27},"end":{"line":44,"column":3}},"16":{"start":{"line":41,"column":26},"end":{"line":41,"column":86}},"17":{"start":{"line":43,"column":4},"end":{"line":43,"column":25}}},"fnMap":{"0":{"name":"(anonymous_0)","decl":{"start":{"line":6,"column":2},"end":{"line":6,"column":3}},"loc":{"start":{"line":6,"column":32},"end":{"line":8,"column":3}},"line":6},"1":{"name":"(anonymous_1)","decl":{"start":{"line":9,"column":17},"end":{"line":9,"column":18}},"loc":{"start":{"line":9,"column":53},"end":{"line":13,"column":3}},"line":9},"2":{"name":"(anonymous_2)","decl":{"start":{"line":14,"column":24},"end":{"line":14,"column":25}},"loc":{"start":{"line":14,"column":79},"end":{"line":18,"column":3}},"line":14},"3":{"name":"(anonymous_3)","decl":{"start":{"line":19,"column":24},"end":{"line":19,"column":25}},"loc":{"start":{"line":19,"column":44},"end":{"line":34,"column":3}},"line":19},"4":{"name":"(anonymous_4)","decl":{"start":{"line":35,"column":29},"end":{"line":35,"column":30}},"loc":{"start":{"line":35,"column":67},"end":{"line":39,"column":3}},"line":35},"5":{"name":"(anonymous_5)","decl":{"start":{"line":40,"column":27},"end":{"line":40,"column":28}},"loc":{"start":{"line":40,"column":47},"end":{"line":44,"column":3}},"line":40}},"branchMap":{"0":{"loc":{"start":{"line":14,"column":31},"end":{"line":14,"column":53}},"type":"default-arg","locations":[{"start":{"line":14,"column":42},"end":{"line":14,"column":53}}],"line":14},"1":{"loc":{"start":{"line":14,"column":55},"end":{"line":14,"column":74}},"type":"default-arg","locations":[{"start":{"line":14,"column":68},"end":{"line":14,"column":74}}],"line":14},"2":{"loc":{"start":{"line":21,"column":4},"end":{"line":23,"column":5}},"type":"if","locations":[{"start":{"line":21,"column":4},"end":{"line":23,"column":5}},{"start":{},"end":{}}],"line":21}},"s":{"0":1,"1":1,"2":1,"3":1,"4":1,"5":2,"6":2,"7":1,"8":2,"9":2,"10":1,"11":1,"12":1,"13":1,"14":1,"15":1,"16":1,"17":1},"f":{"0":1,"1":1,"2":2,"3":2,"4":1,"5":1},"b":{"0":[1],"1":[1],"2":[1,1]},"_coverageSchema":"1a1c01bbd47fc00a2c39e90264f33305004495a9","hash":"9e71dc0832e7e8e47d61afff4fb93ad639c5adbe"}
,"C:\\Users\\APDAPD\\Desktop\\mysql\\prisma 개인과제\\src\\services\\user.service.js": {"path":"C:\\Users\\APDAPD\\Desktop\\mysql\\prisma 개인과제\\src\\services\\user.service.js","statementMap":{"0":{"start":{"line":6,"column":4},"end":{"line":6,"column":41}},"1":{"start":{"line":8,"column":23},"end":{"line":20,"column":3}},"2":{"start":{"line":9,"column":17},"end":{"line":9,"column":71}},"3":{"start":{"line":11,"column":4},"end":{"line":19,"column":6}},"4":{"start":{"line":21,"column":20},"end":{"line":32,"column":3}},"5":{"start":{"line":22,"column":17},"end":{"line":22,"column":65}},"6":{"start":{"line":24,"column":4},"end":{"line":31,"column":12}},"7":{"start":{"line":33,"column":21},"end":{"line":44,"column":3}},"8":{"start":{"line":34,"column":17},"end":{"line":34,"column":67}},"9":{"start":{"line":36,"column":4},"end":{"line":43,"column":6}},"10":{"start":{"line":46,"column":22},"end":{"line":57,"column":3}},"11":{"start":{"line":47,"column":17},"end":{"line":47,"column":82}},"12":{"start":{"line":49,"column":4},"end":{"line":56,"column":6}},"13":{"start":{"line":58,"column":22},"end":{"line":69,"column":3}},"14":{"start":{"line":59,"column":17},"end":{"line":59,"column":89}},"15":{"start":{"line":61,"column":4},"end":{"line":68,"column":6}},"16":{"start":{"line":70,"column":24},"end":{"line":75,"column":3}},"17":{"start":{"line":71,"column":4},"end":{"line":71,"column":62}},"18":{"start":{"line":72,"column":4},"end":{"line":74,"column":5}},"19":{"start":{"line":73,"column":6},"end":{"line":73,"column":55}},"20":{"start":{"line":76,"column":21},"end":{"line":103,"column":3}},"21":{"start":{"line":77,"column":4},"end":{"line":79,"column":5}},"22":{"start":{"line":78,"column":6},"end":{"line":78,"column":49}},"23":{"start":{"line":80,"column":4},"end":{"line":82,"column":5}},"24":{"start":{"line":81,"column":6},"end":{"line":81,"column":50}},"25":{"start":{"line":84,"column":17},"end":{"line":84,"column":65}},"26":{"start":{"line":85,"column":4},"end":{"line":87,"column":5}},"27":{"start":{"line":86,"column":6},"end":{"line":86,"column":52}},"28":{"start":{"line":89,"column":28},"end":{"line":89,"column":73}},"29":{"start":{"line":90,"column":4},"end":{"line":92,"column":5}},"30":{"start":{"line":91,"column":6},"end":{"line":91,"column":51}},"31":{"start":{"line":95,"column":4},"end":{"line":102,"column":6}}},"fnMap":{"0":{"name":"(anonymous_0)","decl":{"start":{"line":5,"column":2},"end":{"line":5,"column":3}},"loc":{"start":{"line":5,"column":30},"end":{"line":7,"column":3}},"line":5},"1":{"name":"(anonymous_1)","decl":{"start":{"line":8,"column":23},"end":{"line":8,"column":24}},"loc":{"start":{"line":8,"column":43},"end":{"line":20,"column":3}},"line":8},"2":{"name":"(anonymous_2)","decl":{"start":{"line":21,"column":20},"end":{"line":21,"column":21}},"loc":{"start":{"line":21,"column":37},"end":{"line":32,"column":3}},"line":21},"3":{"name":"(anonymous_3)","decl":{"start":{"line":33,"column":21},"end":{"line":33,"column":22}},"loc":{"start":{"line":33,"column":39},"end":{"line":44,"column":3}},"line":33},"4":{"name":"(anonymous_4)","decl":{"start":{"line":46,"column":22},"end":{"line":46,"column":23}},"loc":{"start":{"line":46,"column":54},"end":{"line":57,"column":3}},"line":46},"5":{"name":"(anonymous_5)","decl":{"start":{"line":58,"column":22},"end":{"line":58,"column":23}},"loc":{"start":{"line":58,"column":61},"end":{"line":69,"column":3}},"line":58},"6":{"name":"(anonymous_6)","decl":{"start":{"line":70,"column":24},"end":{"line":70,"column":25}},"loc":{"start":{"line":70,"column":44},"end":{"line":75,"column":3}},"line":70},"7":{"name":"(anonymous_7)","decl":{"start":{"line":76,"column":21},"end":{"line":76,"column":22}},"loc":{"start":{"line":76,"column":48},"end":{"line":103,"column":3}},"line":76}},"branchMap":{"0":{"loc":{"start":{"line":24,"column":11},"end":{"line":31,"column":12}},"type":"cond-expr","locations":[{"start":{"line":24,"column":18},"end":{"line":31,"column":5}},{"start":{"line":31,"column":8},"end":{"line":31,"column":12}}],"line":24},"1":{"loc":{"start":{"line":72,"column":4},"end":{"line":74,"column":5}},"type":"if","locations":[{"start":{"line":72,"column":4},"end":{"line":74,"column":5}},{"start":{},"end":{}}],"line":72},"2":{"loc":{"start":{"line":77,"column":4},"end":{"line":79,"column":5}},"type":"if","locations":[{"start":{"line":77,"column":4},"end":{"line":79,"column":5}},{"start":{},"end":{}}],"line":77},"3":{"loc":{"start":{"line":80,"column":4},"end":{"line":82,"column":5}},"type":"if","locations":[{"start":{"line":80,"column":4},"end":{"line":82,"column":5}},{"start":{},"end":{}}],"line":80},"4":{"loc":{"start":{"line":85,"column":4},"end":{"line":87,"column":5}},"type":"if","locations":[{"start":{"line":85,"column":4},"end":{"line":87,"column":5}},{"start":{},"end":{}}],"line":85},"5":{"loc":{"start":{"line":90,"column":4},"end":{"line":92,"column":5}},"type":"if","locations":[{"start":{"line":90,"column":4},"end":{"line":92,"column":5}},{"start":{},"end":{}}],"line":90}},"s":{"0":0,"1":0,"2":0,"3":0,"4":0,"5":0,"6":0,"7":0,"8":0,"9":0,"10":0,"11":0,"12":0,"13":0,"14":0,"15":0,"16":0,"17":0,"18":0,"19":0,"20":0,"21":0,"22":0,"23":0,"24":0,"25":0,"26":0,"27":0,"28":0,"29":0,"30":0,"31":0},"f":{"0":0,"1":0,"2":0,"3":0,"4":0,"5":0,"6":0,"7":0},"b":{"0":[0,0],"1":[0,0],"2":[0,0],"3":[0,0],"4":[0,0],"5":[0,0]},"_coverageSchema":"1a1c01bbd47fc00a2c39e90264f33305004495a9","hash":"c6de1204f6833d03ff4b0d84f925e25c6db977b6"}
,"C:\\Users\\APDAPD\\Desktop\\mysql\\prisma 개인과제\\src\\utils\\errorHandler.js": {"path":"C:\\Users\\APDAPD\\Desktop\\mysql\\prisma 개인과제\\src\\utils\\errorHandler.js","statementMap":{"0":{"start":{"line":3,"column":4},"end":{"line":3,"column":19}},"1":{"start":{"line":4,"column":4},"end":{"line":4,"column":33}},"2":{"start":{"line":5,"column":4},"end":{"line":5,"column":27}}},"fnMap":{"0":{"name":"(anonymous_0)","decl":{"start":{"line":2,"column":2},"end":{"line":2,"column":3}},"loc":{"start":{"line":2,"column":44},"end":{"line":6,"column":3}},"line":2}},"branchMap":{},"s":{"0":38,"1":38,"2":38},"f":{"0":38},"b":{},"_coverageSchema":"1a1c01bbd47fc00a2c39e90264f33305004495a9","hash":"9185c2473fce6baedac4e39ccc16aef9a52db16d"}
}
