TN:
SF:swagger.js
FNF:0
FNH:0
DA:4,1
DA:21,1
DA:27,1
LF:3
LH:3
BRF:0
BRH:0
end_of_record
TN:
SF:config\secretkey.js
FNF:0
FNH:0
DA:1,1
DA:2,1
DA:3,1
LF:3
LH:3
BRF:0
BRH:0
end_of_record
TN:
SF:src\app.js
FN:17,(anonymous_0)
FN:20,(anonymous_1)
FN:37,(anonymous_2)
FN:45,(anonymous_3)
FN:49,(anonymous_4)
FNF:5
FNH:1
FNDA:0,(anonymous_0)
FNDA:0,(anonymous_1)
FNDA:0,(anonymous_2)
FNDA:0,(anonymous_3)
FNDA:1,(anonymous_4)
DA:13,1
DA:17,1
DA:18,0
DA:20,1
DA:21,0
DA:23,1
DA:24,1
DA:27,1
DA:29,1
DA:30,1
DA:31,1
DA:32,1
DA:33,1
DA:34,1
DA:35,1
DA:36,1
DA:37,1
DA:38,0
DA:39,0
DA:40,0
DA:41,0
DA:42,0
DA:45,1
DA:46,0
DA:49,1
DA:50,1
LF:26
LH:18
BRDA:39,0,0,0
BRDA:39,0,1,0
BRDA:40,1,0,0
BRDA:40,1,1,0
BRDA:41,2,0,0
BRDA:41,2,1,0
BRF:6
BRH:0
end_of_record
TN:
SF:src\controllers\auth.controller.js
FN:5,(anonymous_0)
FN:8,(anonymous_1)
FNF:2
FNH:1
FNDA:1,(anonymous_0)
FNDA:0,(anonymous_1)
DA:6,1
DA:8,1
DA:9,0
DA:10,0
DA:11,0
DA:12,0
DA:15,0
DA:17,0
DA:18,0
DA:21,0
DA:22,0
DA:23,0
DA:26,0
DA:27,0
DA:31,0
LF:15
LH:2
BRDA:11,0,0,0
BRDA:11,0,1,0
BRDA:17,1,0,0
BRDA:17,1,1,0
BRDA:22,2,0,0
BRDA:22,2,1,0
BRF:6
BRH:0
end_of_record
TN:
SF:src\controllers\resume.controller.js
FN:4,(anonymous_0)
FN:7,(anonymous_1)
FN:22,(anonymous_2)
FN:43,(anonymous_3)
FN:59,(anonymous_4)
FN:81,(anonymous_5)
FNF:6
FNH:6
FNDA:1,(anonymous_0)
FNDA:2,(anonymous_1)
FNDA:5,(anonymous_2)
FNDA:3,(anonymous_3)
FNDA:4,(anonymous_4)
FNDA:3,(anonymous_5)
DA:5,1
DA:7,1
DA:8,2
DA:9,2
DA:10,2
DA:11,1
DA:13,1
DA:14,1
DA:15,1
DA:19,1
DA:22,1
DA:24,5
DA:25,5
DA:26,5
DA:27,5
DA:28,1
DA:30,4
DA:31,1
DA:33,3
DA:34,3
DA:35,1
DA:37,2
DA:39,3
DA:43,1
DA:44,3
DA:45,3
DA:46,3
DA:47,1
DA:49,2
DA:51,2
DA:52,1
DA:54,1
DA:56,2
DA:59,1
DA:60,4
DA:61,4
DA:62,4
DA:63,4
DA:64,4
DA:65,1
DA:67,3
DA:68,3
DA:69,3
DA:70,1
DA:72,2
DA:73,1
DA:75,1
DA:76,1
DA:78,3
DA:81,1
DA:82,3
DA:83,3
DA:84,3
DA:85,3
DA:86,3
DA:87,1
DA:89,2
DA:90,1
DA:92,1
DA:93,1
DA:95,2
LF:61
LH:61
BRDA:10,0,0,1
BRDA:10,0,1,1
BRDA:10,1,0,2
BRDA:10,1,1,2
BRDA:24,2,0,5
BRDA:24,2,1,0
BRDA:25,3,0,5
BRDA:25,3,1,0
BRDA:27,4,0,1
BRDA:27,4,1,4
BRDA:30,5,0,1
BRDA:30,5,1,3
BRDA:34,6,0,1
BRDA:34,6,1,2
BRDA:46,7,0,1
BRDA:46,7,1,2
BRDA:51,8,0,1
BRDA:51,8,1,1
BRDA:64,9,0,1
BRDA:64,9,1,3
BRDA:64,10,0,4
BRDA:64,10,1,3
BRDA:69,11,0,1
BRDA:69,11,1,2
BRDA:72,12,0,1
BRDA:72,12,1,1
BRDA:72,13,0,2
BRDA:72,13,1,1
BRDA:86,14,0,1
BRDA:86,14,1,2
BRDA:89,15,0,1
BRDA:89,15,1,1
BRF:32
BRH:30
end_of_record
TN:
SF:src\controllers\user.controller.js
FN:7,(anonymous_0)
FN:10,(anonymous_1)
FN:58,(anonymous_2)
FN:84,(anonymous_3)
FNF:4
FNH:2
FNDA:1,(anonymous_0)
FNDA:10,(anonymous_1)
FNDA:0,(anonymous_2)
FNDA:0,(anonymous_3)
DA:8,1
DA:10,1
DA:11,10
DA:12,10
DA:13,10
DA:14,1
DA:16,9
DA:17,7
DA:18,1
DA:20,6
DA:21,1
DA:23,5
DA:24,1
DA:26,4
DA:27,1
DA:29,3
DA:30,1
DA:34,4
DA:35,1
DA:37,3
DA:38,2
DA:39,2
DA:40,1
DA:42,1
DA:43,1
DA:46,1
DA:47,1
DA:48,0
DA:50,1
DA:51,1
DA:52,1
DA:55,8
DA:58,1
DA:59,0
DA:61,0
DA:62,0
DA:63,0
DA:65,0
DA:67,0
DA:68,0
DA:69,0
DA:70,0
DA:71,0
DA:75,0
DA:79,0
DA:81,0
DA:84,1
DA:85,0
DA:86,0
DA:87,0
DA:88,0
DA:90,0
DA:91,0
DA:92,0
DA:94,0
DA:96,0
LF:56
LH:33
BRDA:13,0,0,1
BRDA:13,0,1,9
BRDA:13,1,0,10
BRDA:13,1,1,10
BRDA:16,2,0,7
BRDA:16,2,1,2
BRDA:17,3,0,1
BRDA:17,3,1,6
BRDA:20,4,0,1
BRDA:20,4,1,5
BRDA:23,5,0,1
BRDA:23,5,1,4
BRDA:26,6,0,1
BRDA:26,6,1,3
BRDA:29,7,0,1
BRDA:29,7,1,2
BRDA:34,8,0,1
BRDA:34,8,1,3
BRDA:37,9,0,2
BRDA:37,9,1,1
BRDA:39,10,0,1
BRDA:39,10,1,1
BRDA:47,11,0,0
BRDA:47,11,1,1
BRDA:62,12,0,0
BRDA:62,12,1,0
BRDA:87,13,0,0
BRDA:87,13,1,0
BRDA:91,14,0,0
BRDA:91,14,1,0
BRF:30
BRH:23
end_of_record
TN:
SF:src\entity\Resume.js
FNF:0
FNH:0
DA:3,1
LF:1
LH:1
BRF:0
BRH:0
end_of_record
TN:
SF:src\entity\User.js
FNF:0
FNH:0
DA:5,1
LF:1
LH:1
BRF:0
BRH:0
end_of_record
TN:
SF:src\middlewares\auth.middleware.js
FN:7,(anonymous_0)
FNF:1
FNH:0
FNDA:0,(anonymous_0)
DA:4,1
DA:5,1
DA:7,1
DA:8,0
DA:9,0
DA:10,0
DA:12,0
DA:13,0
DA:14,0
DA:16,0
DA:17,0
DA:19,0
DA:20,0
DA:24,0
DA:25,0
LF:15
LH:3
BRDA:9,0,0,0
BRDA:9,0,1,0
BRDA:13,1,0,0
BRDA:13,1,1,0
BRDA:16,2,0,0
BRDA:16,2,1,0
BRDA:19,3,0,0
BRDA:19,3,1,0
BRF:8
BRH:0
end_of_record
TN:
SF:src\middlewares\typeorm.middleware.js
FN:7,(anonymous_0)
FNF:1
FNH:0
FNDA:0,(anonymous_0)
DA:7,1
DA:8,0
DA:9,0
DA:10,0
LF:4
LH:1
BRF:0
BRH:0
end_of_record
TN:
SF:src\models\index.js
FNF:0
FNH:0
DA:3,1
LF:1
LH:1
BRF:0
BRH:0
end_of_record
TN:
SF:src\models\typeorm.js
FN:15,(anonymous_0)
FN:18,(anonymous_1)
FNF:2
FNH:0
FNDA:0,(anonymous_0)
FNDA:0,(anonymous_1)
DA:5,1
DA:16,0
DA:17,0
DA:19,0
DA:20,0
LF:5
LH:1
BRF:0
BRH:0
end_of_record
TN:
SF:src\modules\jwt.js
FN:11,sign
FN:31,verify
FN:53,verifyRefresh
FNF:3
FNH:0
FNDA:0,sign
FNDA:0,verify
FNDA:0,verifyRefresh
DA:8,1
DA:9,1
DA:13,0
DA:17,0
DA:20,0
DA:23,0
DA:28,0
DA:33,0
DA:35,0
DA:36,0
DA:38,0
DA:39,0
DA:40,0
DA:41,0
DA:42,0
DA:43,0
DA:44,0
DA:45,0
DA:47,0
DA:48,0
DA:51,0
DA:55,0
DA:57,0
DA:58,0
DA:60,0
DA:61,0
DA:62,0
DA:63,0
DA:64,0
DA:65,0
DA:66,0
DA:68,0
DA:69,0
DA:72,0
LF:34
LH:2
BRDA:39,0,0,0
BRDA:39,0,1,0
BRDA:42,1,0,0
BRDA:42,1,1,0
BRDA:60,2,0,0
BRDA:60,2,1,0
BRDA:63,3,0,0
BRDA:63,3,1,0
BRF:8
BRH:0
end_of_record
TN:
SF:src\repositories\auth.repository.js
FN:2,(anonymous_0)
FN:5,(anonymous_1)
FNF:2
FNH:1
FNDA:1,(anonymous_0)
FNDA:0,(anonymous_1)
DA:3,1
DA:5,1
DA:6,0
DA:11,0
LF:4
LH:2
BRF:0
BRH:0
end_of_record
TN:
SF:src\repositories\resume.repository.js
FN:2,(anonymous_0)
FN:5,(anonymous_1)
FN:13,(anonymous_2)
FN:19,(anonymous_3)
FN:29,(anonymous_4)
FN:37,(anonymous_5)
FNF:6
FNH:6
FNDA:1,(anonymous_0)
FNDA:1,(anonymous_1)
FNDA:1,(anonymous_2)
FNDA:1,(anonymous_3)
FNDA:1,(anonymous_4)
FNDA:1,(anonymous_5)
DA:3,1
DA:5,1
DA:6,1
DA:11,1
DA:13,1
DA:14,1
DA:17,1
DA:19,1
DA:20,1
DA:26,1
DA:27,1
DA:29,1
DA:30,1
DA:35,1
DA:37,1
DA:38,1
DA:43,1
LF:17
LH:17
BRDA:13,0,0,1
BRDA:13,1,0,1
BRF:2
BRH:2
end_of_record
TN:
SF:src\repositories\user.repository.js
FN:2,(anonymous_0)
FN:5,(anonymous_1)
FN:13,(anonymous_2)
FN:21,(anonymous_3)
FN:29,(anonymous_4)
FN:39,(anonymous_5)
FNF:6
FNH:0
FNDA:0,(anonymous_0)
FNDA:0,(anonymous_1)
FNDA:0,(anonymous_2)
FNDA:0,(anonymous_3)
FNDA:0,(anonymous_4)
FNDA:0,(anonymous_5)
DA:3,0
DA:5,0
DA:6,0
DA:11,0
DA:13,0
DA:14,0
DA:19,0
DA:21,0
DA:22,0
DA:27,0
DA:29,0
DA:30,0
DA:37,0
DA:39,0
DA:40,0
DA:46,0
LF:16
LH:0
BRF:0
BRH:0
end_of_record
TN:
SF:src\routes\auth.routes.js
FNF:0
FNH:0
DA:9,1
DA:10,1
DA:11,1
DA:13,1
DA:15,1
LF:5
LH:5
BRF:0
BRH:0
end_of_record
TN:
SF:src\routes\resume.routes.js
FN:15,(anonymous_0)
FN:25,(anonymous_1)
FNF:2
FNH:0
FNDA:0,(anonymous_0)
FNDA:0,(anonymous_1)
DA:13,1
DA:15,1
DA:16,0
DA:17,0
DA:18,0
DA:19,0
DA:20,0
DA:21,0
DA:22,0
DA:23,0
DA:24,0
DA:26,0
LF:12
LH:2
BRF:0
BRH:0
end_of_record
TN:
SF:src\routes\user.routes.js
FN:14,(anonymous_0)
FN:23,(anonymous_1)
FNF:2
FNH:0
FNDA:0,(anonymous_0)
FNDA:0,(anonymous_1)
DA:13,1
DA:14,1
DA:15,0
DA:16,0
DA:17,0
DA:18,0
DA:20,0
DA:21,0
DA:22,0
DA:24,0
LF:10
LH:2
BRF:0
BRH:0
end_of_record
TN:
SF:src\services\auth.service.js
FN:4,(anonymous_0)
FN:7,(anonymous_1)
FNF:2
FNH:1
FNDA:1,(anonymous_0)
FNDA:0,(anonymous_1)
DA:5,1
DA:7,1
DA:8,0
DA:9,0
LF:4
LH:2
BRF:0
BRH:0
end_of_record
TN:
SF:src\services\resume.service.js
FN:6,(anonymous_0)
FN:9,(anonymous_1)
FN:14,(anonymous_2)
FN:19,(anonymous_3)
FN:35,(anonymous_4)
FN:40,(anonymous_5)
FNF:6
FNH:6
FNDA:1,(anonymous_0)
FNDA:1,(anonymous_1)
FNDA:2,(anonymous_2)
FNDA:2,(anonymous_3)
FNDA:1,(anonymous_4)
FNDA:1,(anonymous_5)
DA:7,1
DA:9,1
DA:10,1
DA:12,1
DA:14,1
DA:15,2
DA:17,2
DA:19,1
DA:20,2
DA:21,2
DA:22,1
DA:24,1
DA:35,1
DA:36,1
DA:38,1
DA:40,1
DA:41,1
DA:43,1
LF:18
LH:18
BRDA:14,0,0,1
BRDA:14,1,0,1
BRDA:21,2,0,1
BRDA:21,2,1,1
BRF:4
BRH:4
end_of_record
TN:
SF:src\services\user.service.js
FN:5,(anonymous_0)
FN:8,(anonymous_1)
FN:21,(anonymous_2)
FN:33,(anonymous_3)
FN:46,(anonymous_4)
FN:58,(anonymous_5)
FN:70,(anonymous_6)
FN:76,(anonymous_7)
FNF:8
FNH:0
FNDA:0,(anonymous_0)
FNDA:0,(anonymous_1)
FNDA:0,(anonymous_2)
FNDA:0,(anonymous_3)
FNDA:0,(anonymous_4)
FNDA:0,(anonymous_5)
FNDA:0,(anonymous_6)
FNDA:0,(anonymous_7)
DA:6,0
DA:8,0
DA:9,0
DA:11,0
DA:21,0
DA:22,0
DA:24,0
DA:33,0
DA:34,0
DA:36,0
DA:46,0
DA:47,0
DA:49,0
DA:58,0
DA:59,0
DA:61,0
DA:70,0
DA:71,0
DA:72,0
DA:73,0
DA:76,0
DA:77,0
DA:78,0
DA:80,0
DA:81,0
DA:84,0
DA:85,0
DA:86,0
DA:89,0
DA:90,0
DA:91,0
DA:95,0
LF:32
LH:0
BRDA:24,0,0,0
BRDA:24,0,1,0
BRDA:72,1,0,0
BRDA:72,1,1,0
BRDA:77,2,0,0
BRDA:77,2,1,0
BRDA:80,3,0,0
BRDA:80,3,1,0
BRDA:85,4,0,0
BRDA:85,4,1,0
BRDA:90,5,0,0
BRDA:90,5,1,0
BRF:12
BRH:0
end_of_record
TN:
SF:src\utils\errorHandler.js
FN:2,(anonymous_0)
FNF:1
FNH:1
FNDA:38,(anonymous_0)
DA:3,38
DA:4,38
DA:5,38
LF:3
LH:3
BRF:0
BRH:0
end_of_record
